P3_SETTINGS_FILE_USED=bcf_p3_settings_with_th.txt
P3_FILE_TYPE=settings
PRIMER_MISPRIMING_LIBRARY=humrep_and_simple.txt
PRIMER_MAX_MISPRIMING=7.00
PRIMER_TM_SANTALUCIA=1
PRIMER_SALT_CONC=50.0
PRIMER_DIVALENT_CONC=1.5
PRIMER_SALT_CORRECTIONS=1
PRIMER_DNTP_CONC=0.125
PRIMER_THERMODYNAMIC_ALIGNMENT=1
PRIMER_MAX_POLY_X=3
PRIMER_EXPLAIN_FLAG=1
PRIMER_PRODUCT_SIZE_RANGE='150-450'
PRIMER_MIN_TM=57.
PRIMER_MAX_TM=62.
PRIMER_OPT_TM=60.
PRIMER_MAX_DIFF_TM=5.
PRIMER_OPT_SIZE=19
PRIMER_MIN_SIZE=16
PRIMER_MIN_GC=30.0
PRIMER_OPT_GC_PERCENT=50.0
PRIMER_MAX_GC=70.0
PRIMER_GC_CLAMP=1
PRIMER_MAX_SELF_ANY_TH=45.
PRIMER_PAIR_MAX_COMPL_ANY_TH=45.
PRIMER_MAX_SELF_END_TH=40.
PRIMER_PAIR_MAX_COMPL_END_TH=40.
PRIMER_MAX_HAIRPIN=24.
PRIMER_PAIR_MAX_HAIRPIN=24.
PRIMER_MAX_END_STABILITY=8.0
PRIMER_LOWERCASE_MASKING=1
PRIMER_NUM_RETURN=4
P3_SETTINGS_FILE_END=
PRIMER_ERROR=Unrecognized tag: PRIMER_MAX_MISPRIMING=7.00; Unrecognized tag: PRIMER_TM_SANTALUCIA=1; Unrecognized tag: PRIMER_SALT_CONC=50.0; Unrecognized tag: PRIMER_DIVALENT_CONC=1.5; Illegal PRIMER_PRODUCT_SIZE_RANGE value: '150-450'; Unrecognized tag: PRIMER_MAX_DIFF_TM=5.; Unrecognized tag: PRIMER_MAX_HAIRPIN=24.; Unrecognized tag: PRIMER_PAIR_MAX_HAIRPIN=24.
=
